<?xml version="1.0" encoding="UTF-8"?>
<testsuite name="DemoTest" tests="1" skipped="0" failures="0" errors="0" timestamp="2024-03-20T13:27:42" hostname="LAPTOP-D8Q1RCSE" time="0.001">
  <properties/>
  <testcase name="test_1" classname="DemoTest" time="0.001"/>
  <system-out><![CDATA[]]></system-out>
  <system-err><![CDATA[]]></system-err>
</testsuite>
